[INFO] Scanning for projects...
[INFO] 
[INFO] ------------------------< vn.cococord:cococord >------------------------
[INFO] Building cococord 0.0.1-SNAPSHOT
[INFO]   from pom.xml
[INFO] --------------------------------[ jar ]---------------------------------
[INFO] 
[INFO] >>> spring-boot:3.5.8:run (default-cli) > test-compile @ cococord >>>
[INFO] 
[INFO] --- resources:3.3.1:resources (default-resources) @ cococord ---
[INFO] Copying 1 resource from src\main\resources to target\classes
[INFO] Copying 6 resources from src\main\resources to target\classes
[INFO] 
[INFO] --- compiler:3.14.1:compile (default-compile) @ cococord ---
[INFO] Nothing to compile - all classes are up to date.
[INFO] 
[INFO] --- resources:3.3.1:testResources (default-testResources) @ cococord ---
[INFO] Copying 0 resource from src\test\resources to target\test-classes
[INFO] 
[INFO] --- compiler:3.14.1:testCompile (default-testCompile) @ cococord ---
[INFO] Nothing to compile - all classes are up to date.
[INFO] 
[INFO] <<< spring-boot:3.5.8:run (default-cli) < test-compile @ cococord <<<
[INFO] 
[INFO] 
[INFO] --- spring-boot:3.5.8:run (default-cli) @ cococord ---
[INFO] Attaching agents: []

  .   ____          _            __ _ _
 /\\ / ___'_ __ _ _(_)_ __  __ _ \ \ \ \
( ( )\___ | '_ | '_| | '_ \/ _` | \ \ \ \
 \\/  ___)| |_)| | | | | || (_| |  ) ) ) )
  '  |____| .__|_| |_|_| |_\__, | / / / /
 =========|_|==============|___/=/_/_/_/

 :: Spring Boot ::                (v3.5.8)

2025-12-11T16:22:54.206+07:00  INFO 17932 --- [cococord] [  restartedMain] vn.cococord.CococordApplication          : Starting CococordApplication using Java 21.0.2 with PID 17932 (D:\Workspace\cococord\target\classes started by phung in D:\Workspace\cococord)
2025-12-11T16:22:54.210+07:00  INFO 17932 --- [cococord] [  restartedMain] vn.cococord.CococordApplication          : No active profile set, falling back to 1 default profile: "default"
2025-12-11T16:22:54.294+07:00  INFO 17932 --- [cococord] [  restartedMain] .e.DevToolsPropertyDefaultsPostProcessor : Devtools property defaults active! Set 'spring.devtools.add-properties' to 'false' to disable
2025-12-11T16:22:54.295+07:00  INFO 17932 --- [cococord] [  restartedMain] .e.DevToolsPropertyDefaultsPostProcessor : For additional web related logging consider setting the 'logging.level.web' property to 'DEBUG'
2025-12-11T16:22:55.483+07:00  INFO 17932 --- [cococord] [  restartedMain] .s.d.r.c.RepositoryConfigurationDelegate : Multiple Spring Data modules found, entering strict repository configuration mode
2025-12-11T16:22:55.485+07:00  INFO 17932 --- [cococord] [  restartedMain] .s.d.r.c.RepositoryConfigurationDelegate : Bootstrapping Spring Data JPA repositories in DEFAULT mode.
2025-12-11T16:22:55.607+07:00  INFO 17932 --- [cococord] [  restartedMain] .RepositoryConfigurationExtensionSupport : Spring Data JPA - Could not safely identify store assignment for repository candidate interface vn.cococord.repository.MessageRepository; If you want this repository to be a JPA repository, consider annotating your entities with one of these annotations: jakarta.persistence.Entity, jakarta.persistence.MappedSuperclass (preferred), or consider extending one of the following types with your repository: org.springframework.data.jpa.repository.JpaRepository
2025-12-11T16:22:55.667+07:00  INFO 17932 --- [cococord] [  restartedMain] .s.d.r.c.RepositoryConfigurationDelegate : Finished Spring Data repository scanning in 166 ms. Found 7 JPA repository interfaces.
2025-12-11T16:22:55.724+07:00  INFO 17932 --- [cococord] [  restartedMain] .s.d.r.c.RepositoryConfigurationDelegate : Multiple Spring Data modules found, entering strict repository configuration mode
2025-12-11T16:22:55.724+07:00  INFO 17932 --- [cococord] [  restartedMain] .s.d.r.c.RepositoryConfigurationDelegate : Bootstrapping Spring Data MongoDB repositories in DEFAULT mode.
2025-12-11T16:22:55.740+07:00  INFO 17932 --- [cococord] [  restartedMain] .RepositoryConfigurationExtensionSupport : Spring Data MongoDB - Could not safely identify store assignment for repository candidate interface vn.cococord.repository.ChannelRepository; If you want this repository to be a MongoDB repository, consider annotating your entities with one of these annotations: org.springframework.data.mongodb.core.mapping.Document (preferred), or consider extending one of the following types with your repository: org.springframework.data.mongodb.repository.MongoRepository
2025-12-11T16:22:55.741+07:00  INFO 17932 --- [cococord] [  restartedMain] .RepositoryConfigurationExtensionSupport : Spring Data MongoDB - Could not safely identify store assignment for repository candidate interface vn.cococord.repository.InviteLinkRepository; If you want this repository to be a MongoDB repository, consider annotating your entities with one of these annotations: org.springframework.data.mongodb.core.mapping.Document (preferred), or consider extending one of the following types with your repository: org.springframework.data.mongodb.repository.MongoRepository
2025-12-11T16:22:55.743+07:00  INFO 17932 --- [cococord] [  restartedMain] .RepositoryConfigurationExtensionSupport : Spring Data MongoDB - Could not safely identify store assignment for repository candidate interface vn.cococord.repository.RoleRepository; If you want this repository to be a MongoDB repository, consider annotating your entities with one of these annotations: org.springframework.data.mongodb.core.mapping.Document (preferred), or consider extending one of the following types with your repository: org.springframework.data.mongodb.repository.MongoRepository
2025-12-11T16:22:55.744+07:00  INFO 17932 --- [cococord] [  restartedMain] .RepositoryConfigurationExtensionSupport : Spring Data MongoDB - Could not safely identify store assignment for repository candidate interface vn.cococord.repository.ServerMemberRepository; If you want this repository to be a MongoDB repository, consider annotating your entities with one of these annotations: org.springframework.data.mongodb.core.mapping.Document (preferred), or consider extending one of the following types with your repository: org.springframework.data.mongodb.repository.MongoRepository
2025-12-11T16:22:55.745+07:00  INFO 17932 --- [cococord] [  restartedMain] .RepositoryConfigurationExtensionSupport : Spring Data MongoDB - Could not safely identify store assignment for repository candidate interface vn.cococord.repository.ServerRepository; If you want this repository to be a MongoDB repository, consider annotating your entities with one of these annotations: org.springframework.data.mongodb.core.mapping.Document (preferred), or consider extending one of the following types with your repository: org.springframework.data.mongodb.repository.MongoRepository
2025-12-11T16:22:55.745+07:00  INFO 17932 --- [cococord] [  restartedMain] .RepositoryConfigurationExtensionSupport : Spring Data MongoDB - Could not safely identify store assignment for repository candidate interface vn.cococord.repository.UserRepository; If you want this repository to be a MongoDB repository, consider annotating your entities with one of these annotations: org.springframework.data.mongodb.core.mapping.Document (preferred), or consider extending one of the following types with your repository: org.springframework.data.mongodb.repository.MongoRepository
2025-12-11T16:22:55.745+07:00  INFO 17932 --- [cococord] [  restartedMain] .RepositoryConfigurationExtensionSupport : Spring Data MongoDB - Could not safely identify store assignment for repository candidate interface vn.cococord.repository.UserSessionRepository; If you want this repository to be a MongoDB repository, consider annotating your entities with one of these annotations: org.springframework.data.mongodb.core.mapping.Document (preferred), or consider extending one of the following types with your repository: org.springframework.data.mongodb.repository.MongoRepository
2025-12-11T16:22:55.760+07:00  INFO 17932 --- [cococord] [  restartedMain] .s.d.r.c.RepositoryConfigurationDelegate : Finished Spring Data repository scanning in 34 ms. Found 1 MongoDB repository interface.
2025-12-11T16:22:57.067+07:00  INFO 17932 --- [cococord] [  restartedMain] o.s.b.w.embedded.tomcat.TomcatWebServer  : Tomcat initialized with port 8080 (http)
2025-12-11T16:22:57.093+07:00  INFO 17932 --- [cococord] [  restartedMain] o.apache.catalina.core.StandardService   : Starting service [Tomcat]
2025-12-11T16:22:57.094+07:00  INFO 17932 --- [cococord] [  restartedMain] o.apache.catalina.core.StandardEngine    : Starting Servlet engine: [Apache Tomcat/10.1.49]
2025-12-11T16:22:57.477+07:00  INFO 17932 --- [cococord] [  restartedMain] org.apache.jasper.servlet.TldScanner     : At least one JAR was scanned for TLDs yet contained no TLDs. Enable debug logging for this logger for a complete list of JARs that were scanned but no TLDs were found in them. Skipping unneeded JARs during scanning can improve startup time and JSP compilation time.
2025-12-11T16:22:57.490+07:00  INFO 17932 --- [cococord] [  restartedMain] o.a.c.c.C.[Tomcat].[localhost].[/]       : Initializing Spring embedded WebApplicationContext
2025-12-11T16:22:57.493+07:00  INFO 17932 --- [cococord] [  restartedMain] w.s.c.ServletWebServerApplicationContext : Root WebApplicationContext: initialization completed in 3196 ms
2025-12-11T16:22:57.775+07:00  INFO 17932 --- [cococord] [  restartedMain] o.hibernate.jpa.internal.util.LogHelper  : HHH000204: Processing PersistenceUnitInfo [name: default]
2025-12-11T16:22:57.848+07:00  INFO 17932 --- [cococord] [  restartedMain] org.hibernate.Version                    : HHH000412: Hibernate ORM core version 6.6.36.Final
2025-12-11T16:22:57.897+07:00  INFO 17932 --- [cococord] [  restartedMain] o.h.c.internal.RegionFactoryInitiator    : HHH000026: Second-level cache disabled
2025-12-11T16:22:58.357+07:00  INFO 17932 --- [cococord] [  restartedMain] o.s.o.j.p.SpringPersistenceUnitInfo      : No LoadTimeWeaver setup: ignoring JPA class transformer
2025-12-11T16:22:58.397+07:00  INFO 17932 --- [cococord] [  restartedMain] com.zaxxer.hikari.HikariDataSource       : HikariPool-1 - Starting...
2025-12-11T16:22:58.967+07:00  INFO 17932 --- [cococord] [  restartedMain] com.zaxxer.hikari.pool.HikariPool        : HikariPool-1 - Added connection com.mysql.cj.jdbc.ConnectionImpl@6fe710a
2025-12-11T16:22:58.970+07:00  INFO 17932 --- [cococord] [  restartedMain] com.zaxxer.hikari.HikariDataSource       : HikariPool-1 - Start completed.
2025-12-11T16:22:59.066+07:00  WARN 17932 --- [cococord] [  restartedMain] org.hibernate.orm.deprecation            : HHH90000025: MySQLDialect does not need to be specified explicitly using 'hibernate.dialect' (remove the property setting and it will be selected by default)
2025-12-11T16:22:59.098+07:00  INFO 17932 --- [cococord] [  restartedMain] org.hibernate.orm.connections.pooling    : HHH10001005: Database info:
	Database JDBC URL [Connecting through datasource 'HikariDataSource (HikariPool-1)']
	Database driver: undefined/unknown
	Database version: 8.0.34
	Autocommit mode: undefined/unknown
	Isolation level: undefined/unknown
	Minimum pool size: undefined/unknown
	Maximum pool size: undefined/unknown
2025-12-11T16:22:59.970+07:00  INFO 17932 --- [cococord] [  restartedMain] o.h.e.t.j.p.i.JtaPlatformInitiator       : HHH000489: No JTA platform available (set 'hibernate.transaction.jta.platform' to enable JTA platform integration)
Hibernate: 
    alter table audit_logs 
       drop 
       foreign key FK338xtorftep3hntf8ixu858qi
Hibernate: 
    alter table audit_logs 
       drop 
       foreign key FKjs4iimve3y0xssbtve5ysyef0
Hibernate: 
    alter table blocked_users 
       drop 
       foreign key FKoxugq424f357lv1tbdi8cu2no
Hibernate: 
    alter table blocked_users 
       drop 
       foreign key FK9slgomfn1tnu1hlo2axxk2jd9
Hibernate: 
    alter table categories 
       drop 
       foreign key FKen97q30foukbn1iryey1wxb19
Hibernate: 
    alter table channel_permissions 
       drop 
       foreign key FKaq310791vg53ftqbhnu0hfqjy
Hibernate: 
    alter table channel_permissions 
       drop 
       foreign key FKxyfarw6srlvknigx4xqbpxl0
Hibernate: 
    alter table channel_permissions 
       drop 
       foreign key FK8lagtbrbcn39ypfeatyfasd9i
Hibernate: 
    alter table channels 
       drop 
       foreign key FK6sefqe07g42eeommq7ppbori8
Hibernate: 
    alter table channels 
       drop 
       foreign key FKacxri6fsdtdwloddqhewkt62w
Hibernate: 
    alter table direct_message_groups 
       drop 
       foreign key FKayoorqi1e6gk2psf5samxmoon
Hibernate: 
    alter table direct_message_members 
       drop 
       foreign key FKobu7m7hdtq5uk5o6g4xmactb8
Hibernate: 
    alter table direct_message_members 
       drop 
       foreign key FKput8oajupusrn5xodi97yj1ge
Hibernate: 
    alter table file_attachments 
       drop 
       foreign key FKbqfvjc0lsh6nrg7hyx70h2jsw
Hibernate: 
    alter table friend_requests 
       drop 
       foreign key FKtcmqalc5v4qdt1slgcsa544i5
Hibernate: 
    alter table friend_requests 
       drop 
       foreign key FKcchlh48b4347amfvmke793bg7
Hibernate: 
    alter table invite_links 
       drop 
       foreign key FKdh1vsu4epkgvl5ng17rakb08q
Hibernate: 
    alter table invite_links 
       drop 
       foreign key FKs6f70r2rye7tsx41m5dr530qh
Hibernate: 
    alter table invite_links 
       drop 
       foreign key FK3pu18lykm3pjnvdq1xdccfc28
Hibernate: 
    alter table notifications 
       drop 
       foreign key FK9y21adhxn0ayjhfocscqox7bh
Hibernate: 
    alter table role_permissions 
       drop 
       foreign key FKegdk29eiy7mdtefy5c7eirr6e
Hibernate: 
    alter table role_permissions 
       drop 
       foreign key FKn5fotdgk8d1xvo8nav9uv3muc
Hibernate: 
    alter table roles 
       drop 
       foreign key FK3qp1f6wvqvdsl2r7kfrianat
Hibernate: 
    alter table server_bans 
       drop 
       foreign key FKf0bdt92atuapa24bj5j8fmcc8
Hibernate: 
    alter table server_bans 
       drop 
       foreign key FKsbaqqhw6or2x2t9mb5ulxjy27
Hibernate: 
    alter table server_bans 
       drop 
       foreign key FKt8jq42cmmbua6w0w3dir3aey0
Hibernate: 
    alter table server_members 
       drop 
       foreign key FK3igkwhuacla62nqi6gqk7gjog
Hibernate: 
    alter table server_members 
       drop 
       foreign key FKqu0vrc783yq288y2r92gjurw2
Hibernate: 
    alter table server_members 
       drop 
       foreign key FK264q5e480bvf297331scv3nv1
Hibernate: 
    alter table servers 
       drop 
       foreign key FKcoqnnqwj926ook0at6p01ygq4
Hibernate: 
    alter table user_sessions 
       drop 
       foreign key FK8klxsgb8dcjjklmqebqp1twd5
Hibernate: 
    drop table if exists audit_logs
Hibernate: 
    drop table if exists blocked_users
Hibernate: 
    drop table if exists categories
Hibernate: 
    drop table if exists channel_permissions
Hibernate: 
    drop table if exists channels
Hibernate: 
    drop table if exists direct_message_groups
Hibernate: 
    drop table if exists direct_message_members
Hibernate: 
    drop table if exists file_attachments
Hibernate: 
    drop table if exists friend_requests
Hibernate: 
    drop table if exists invite_links
Hibernate: 
    drop table if exists notifications
Hibernate: 
    drop table if exists permissions
Hibernate: 
    drop table if exists role_permissions
Hibernate: 
    drop table if exists roles
Hibernate: 
    drop table if exists server_bans
Hibernate: 
    drop table if exists server_members
Hibernate: 
    drop table if exists servers
Hibernate: 
    drop table if exists user_sessions
Hibernate: 
    drop table if exists users
Hibernate: 
    create table audit_logs (
        created_at datetime(6) not null,
        id bigint not null auto_increment,
        server_id bigint not null,
        user_id bigint,
        ip_address varchar(45),
        description varchar(1000) not null,
        changes TEXT,
        action_type enum ('CHANNEL_CREATE','CHANNEL_DELETE','CHANNEL_UPDATE','INVITE_CREATE','INVITE_DELETE','MEMBER_BAN','MEMBER_JOIN','MEMBER_KICK','MEMBER_LEAVE','MEMBER_UNBAN','MESSAGE_BULK_DELETE','MESSAGE_DELETE','PERMISSION_UPDATE','ROLE_ASSIGN','ROLE_CREATE','ROLE_DELETE','ROLE_REMOVE','ROLE_UPDATE','SERVER_DELETE','SERVER_UPDATE') not null,
        primary key (id)
    ) engine=InnoDB
Hibernate: 
    create table blocked_users (
        blocked_at datetime(6) not null,
        blocked_user_id bigint not null,
        id bigint not null auto_increment,
        user_id bigint not null,
        primary key (id)
    ) engine=InnoDB
Hibernate: 
    create table categories (
        position integer not null,
        created_at datetime(6) not null,
        id bigint not null auto_increment,
        server_id bigint not null,
        updated_at datetime(6),
        name varchar(100) not null,
        primary key (id)
    ) engine=InnoDB
Hibernate: 
    create table channel_permissions (
        is_allowed bit not null,
        channel_id bigint not null,
        id bigint not null auto_increment,
        permission_id bigint not null,
        role_id bigint not null,
        primary key (id)
    ) engine=InnoDB
Hibernate: 
    create table channels (
        is_nsfw bit not null,
        is_private bit not null,
        position integer not null,
        slow_mode integer not null,
        category_id bigint,
        created_at datetime(6) not null,
        id bigint not null auto_increment,
        server_id bigint not null,
        updated_at datetime(6),
        name varchar(100) not null,
        topic varchar(1000),
        type enum ('ANNOUNCEMENT','STAGE','TEXT','VOICE') not null,
        primary key (id)
    ) engine=InnoDB
Hibernate: 
    create table direct_message_groups (
        is_group bit not null,
        created_at datetime(6) not null,
        id bigint not null auto_increment,
        owner_id bigint not null,
        updated_at datetime(6),
        name varchar(100),
        icon_url varchar(500),
        primary key (id)
    ) engine=InnoDB
Hibernate: 
    create table direct_message_members (
        is_muted bit not null,
        dm_group_id bigint not null,
        id bigint not null auto_increment,
        joined_at datetime(6) not null,
        last_read_at datetime(6),
        user_id bigint not null,
        primary key (id)
    ) engine=InnoDB
Hibernate: 
    create table file_attachments (
        file_size bigint not null,
        id bigint not null auto_increment,
        uploaded_at datetime(6) not null,
        uploaded_by bigint not null,
        file_type varchar(100) not null,
        thumbnail_url varchar(100),
        file_name varchar(500) not null,
        file_url varchar(1000) not null,
        primary key (id)
    ) engine=InnoDB
Hibernate: 
    create table friend_requests (
        created_at datetime(6) not null,
        id bigint not null auto_increment,
        receiver_id bigint not null,
        responded_at datetime(6),
        sender_id bigint not null,
        status enum ('ACCEPTED','CANCELLED','PENDING','REJECTED') not null,
        primary key (id)
    ) engine=InnoDB
Hibernate: 
    create table invite_links (
        current_uses integer,
        is_active bit not null,
        max_uses integer,
        channel_id bigint,
        created_at datetime(6) not null,
        created_by bigint not null,
        expires_at datetime(6),
        id bigint not null auto_increment,
        server_id bigint not null,
        code varchar(50) not null,
        primary key (id)
    ) engine=InnoDB
Hibernate: 
    create table notifications (
        is_read bit not null,
        created_at datetime(6) not null,
        id bigint not null auto_increment,
        read_at datetime(6),
        user_id bigint not null,
        link varchar(500),
        message varchar(500) not null,
        metadata TEXT,
        type enum ('FRIEND_ACCEPTED','FRIEND_REQUEST','MENTION','REPLY','ROLE_ASSIGNED','SERVER_BANNED','SERVER_INVITE','SERVER_KICKED','SYSTEM') not null,
        primary key (id)
    ) engine=InnoDB
Hibernate: 
    create table permissions (
        id bigint not null auto_increment,
        name varchar(100) not null,
        description varchar(200) not null,
        category enum ('CHANNEL','GENERAL','MEMBERSHIP','MESSAGE','ROLE','VOICE') not null,
        primary key (id)
    ) engine=InnoDB
Hibernate: 
    create table role_permissions (
        is_allowed bit not null,
        id bigint not null auto_increment,
        permission_id bigint not null,
        role_id bigint not null,
        primary key (id)
    ) engine=InnoDB
Hibernate: 
    create table roles (
        is_default bit not null,
        is_hoisted bit not null,
        is_mentionable bit not null,
        position integer not null,
        color varchar(7),
        created_at datetime(6) not null,
        id bigint not null auto_increment,
        server_id bigint not null,
        updated_at datetime(6),
        name varchar(100) not null,
        primary key (id)
    ) engine=InnoDB
Hibernate: 
    create table server_bans (
        banned_at datetime(6) not null,
        banned_by bigint not null,
        expires_at datetime(6),
        id bigint not null auto_increment,
        server_id bigint not null,
        user_id bigint not null,
        reason varchar(1000),
        primary key (id)
    ) engine=InnoDB
Hibernate: 
    create table server_members (
        is_deafened bit not null,
        is_muted bit not null,
        id bigint not null auto_increment,
        joined_at datetime(6) not null,
        role_id bigint,
        server_id bigint not null,
        user_id bigint not null,
        nickname varchar(100),
        primary key (id)
    ) engine=InnoDB
Hibernate: 
    create table servers (
        is_public bit not null,
        max_members integer not null,
        created_at datetime(6) not null,
        id bigint not null auto_increment,
        owner_id bigint not null,
        updated_at datetime(6),
        name varchar(100) not null,
        banner_url varchar(500),
        icon_url varchar(500),
        description varchar(1000),
        primary key (id)
    ) engine=InnoDB
Hibernate: 
    create table user_sessions (
        is_active bit not null,
        created_at datetime(6) not null,
        expires_at datetime(6) not null,
        id bigint not null auto_increment,
        updated_at datetime(6),
        user_id bigint not null,
        ip_address varchar(45),
        device_info varchar(200) not null,
        refresh_token varchar(500) not null,
        primary key (id)
    ) engine=InnoDB
Hibernate: 
    create table users (
        is_active bit not null,
        is_banned bit not null,
        is_email_verified bit not null,
        two_factor_enabled bit not null,
        created_at datetime(6) not null,
        id bigint not null auto_increment,
        last_login datetime(6),
        reset_password_expiry datetime(6),
        updated_at datetime(6),
        display_name varchar(50),
        custom_status varchar(100),
        username varchar(100) not null,
        email varchar(150) not null,
        avatar_url varchar(500),
        bio varchar(500),
        reset_password_token varchar(500),
        two_factor_secret varchar(500),
        password varchar(255) not null,
        status enum ('DO_NOT_DISTURB','IDLE','INVISIBLE','OFFLINE','ONLINE'),
        primary key (id)
    ) engine=InnoDB
Hibernate: 
    alter table blocked_users 
       add constraint UKosak12k22ymf1r0igpweaut06 unique (user_id, blocked_user_id)
Hibernate: 
    alter table channel_permissions 
       add constraint UKfngykde61e7ady26tow8g5j41 unique (channel_id, role_id)
Hibernate: 
    alter table direct_message_members 
       add constraint UK17yieun87nkvrnoioonvgv0gc unique (dm_group_id, user_id)
Hibernate: 
    alter table friend_requests 
       add constraint UKe5flhq7m0l5t1m248lbbbq07a unique (sender_id, receiver_id)
Hibernate: 
    alter table invite_links 
       add constraint UKio461alnv2bwtctubkd33ip1c unique (code)
Hibernate: 
    alter table permissions 
       add constraint UKpnvtwliis6p05pn6i3ndjrqt2 unique (name)
Hibernate: 
    alter table role_permissions 
       add constraint UKt43p6aampim70fxxnkid1mibj unique (role_id, permission_id)
Hibernate: 
    alter table server_bans 
       add constraint UKnsiq2k9g38nqhf61mepp6f08l unique (server_id, user_id)
Hibernate: 
    alter table server_members 
       add constraint UKm5xw7qbb0cxjm18enyhxl48vh unique (server_id, user_id)
Hibernate: 
    alter table user_sessions 
       add constraint UK5ou0u1pqftlypbt1wcsbl5hgh unique (refresh_token)
Hibernate: 
    alter table users 
       add constraint UKr43af9ap4edm43mmtq01oddj6 unique (username)
Hibernate: 
    alter table users 
       add constraint UK6dotkott2kjsp8vw4d0m25fb7 unique (email)
Hibernate: 
    alter table audit_logs 
       add constraint FK338xtorftep3hntf8ixu858qi 
       foreign key (server_id) 
       references servers (id)
Hibernate: 
    alter table audit_logs 
       add constraint FKjs4iimve3y0xssbtve5ysyef0 
       foreign key (user_id) 
       references users (id)
Hibernate: 
    alter table blocked_users 
       add constraint FKoxugq424f357lv1tbdi8cu2no 
       foreign key (blocked_user_id) 
       references users (id)
Hibernate: 
    alter table blocked_users 
       add constraint FK9slgomfn1tnu1hlo2axxk2jd9 
       foreign key (user_id) 
       references users (id)
Hibernate: 
    alter table categories 
       add constraint FKen97q30foukbn1iryey1wxb19 
       foreign key (server_id) 
       references servers (id)
Hibernate: 
    alter table channel_permissions 
       add constraint FKaq310791vg53ftqbhnu0hfqjy 
       foreign key (channel_id) 
       references channels (id)
Hibernate: 
    alter table channel_permissions 
       add constraint FKxyfarw6srlvknigx4xqbpxl0 
       foreign key (permission_id) 
       references permissions (id)
Hibernate: 
    alter table channel_permissions 
       add constraint FK8lagtbrbcn39ypfeatyfasd9i 
       foreign key (role_id) 
       references roles (id)
Hibernate: 
    alter table channels 
       add constraint FK6sefqe07g42eeommq7ppbori8 
       foreign key (category_id) 
       references categories (id)
Hibernate: 
    alter table channels 
       add constraint FKacxri6fsdtdwloddqhewkt62w 
       foreign key (server_id) 
       references servers (id)
Hibernate: 
    alter table direct_message_groups 
       add constraint FKayoorqi1e6gk2psf5samxmoon 
       foreign key (owner_id) 
       references users (id)
Hibernate: 
    alter table direct_message_members 
       add constraint FKobu7m7hdtq5uk5o6g4xmactb8 
       foreign key (dm_group_id) 
       references direct_message_groups (id)
Hibernate: 
    alter table direct_message_members 
       add constraint FKput8oajupusrn5xodi97yj1ge 
       foreign key (user_id) 
       references users (id)
Hibernate: 
    alter table file_attachments 
       add constraint FKbqfvjc0lsh6nrg7hyx70h2jsw 
       foreign key (uploaded_by) 
       references users (id)
Hibernate: 
    alter table friend_requests 
       add constraint FKtcmqalc5v4qdt1slgcsa544i5 
       foreign key (receiver_id) 
       references users (id)
Hibernate: 
    alter table friend_requests 
       add constraint FKcchlh48b4347amfvmke793bg7 
       foreign key (sender_id) 
       references users (id)
Hibernate: 
    alter table invite_links 
       add constraint FKdh1vsu4epkgvl5ng17rakb08q 
       foreign key (channel_id) 
       references channels (id)
Hibernate: 
    alter table invite_links 
       add constraint FKs6f70r2rye7tsx41m5dr530qh 
       foreign key (created_by) 
       references users (id)
Hibernate: 
    alter table invite_links 
       add constraint FK3pu18lykm3pjnvdq1xdccfc28 
       foreign key (server_id) 
       references servers (id)
Hibernate: 
    alter table notifications 
       add constraint FK9y21adhxn0ayjhfocscqox7bh 
       foreign key (user_id) 
       references users (id)
Hibernate: 
    alter table role_permissions 
       add constraint FKegdk29eiy7mdtefy5c7eirr6e 
       foreign key (permission_id) 
       references permissions (id)
Hibernate: 
    alter table role_permissions 
       add constraint FKn5fotdgk8d1xvo8nav9uv3muc 
       foreign key (role_id) 
       references roles (id)
